
=== Thu Jun 27 06:22:01 2019

Packages were changed.
Update Mode: mergeDefaultDependencies

The following packages were added:
  com.unity.analytics@3.3.2
  com.unity.purchasing@2.0.6
  com.unity.ads@2.0.8
  com.unity.package-manager-ui@2.2.0
  com.unity.ext.nunit@1.0.0
  com.unity.test-framework@1.0.13
  com.unity.ide.vscode@1.0.4
  com.unity.ide.visualstudio@1.0.10
  com.unity.ide.rider@1.0.4
  com.unity.ugui@1.0.0
  com.unity.modules.androidjni@1.0.0
The following packages were updated:
  com.unity.collab-proxy from version 1.2.9 to 1.2.16
  com.unity.textmeshpro from version 2.0.0 to 2.0.1
  com.unity.timeline from version 0.0.0-builtin to 1.1.0

=== Sun Jul 14 17:36:57 2019

Packages were changed.
Update Mode: updateDependencies

The following packages were updated:
  com.unity.ide.rider from version 1.0.4 to 1.0.8
  com.unity.ide.visualstudio from version 1.0.10 to 1.0.11
  com.unity.ide.vscode from version 1.0.4 to 1.0.7
  com.unity.test-framework from version 1.0.13 to 1.0.16
The following packages were removed:
  com.unity.package-manager-ui@2.2.0

=== Sat Sep  7 12:50:08 2019

Packages were changed.
Update Mode: updateDependencies

The following packages were updated:
  com.unity.ide.rider from version 1.0.8 to 1.1.0
  com.unity.test-framework from version 1.0.16 to 1.1.1
  com.unity.timeline from version 1.1.0 to 1.2.1

=== Sun Oct 13 17:44:24 2019

Packages were changed.
Update Mode: updateDependencies

The following packages were updated:
  com.unity.ide.vscode from version 1.0.7 to 1.1.2
  com.unity.test-framework from version 1.1.1 to 1.1.2
  com.unity.timeline from version 1.2.1 to 1.2.2
